2018-05-26 02:59:34,976   GET     301      16 ms  /
2018-05-26 02:59:35,074   GET     404      83 ms  /flow/index.html
2018-05-26 02:59:35,191   GET     200      10 ms  /favicon.ico
2018-05-26 02:59:35,204   GET     200       4 ms  /favicon.ico
2018-05-26 03:05:33,668   GET     404       9 ms  /flow/index.html
2018-05-26 03:05:33,722   GET     200       2 ms  /favicon.ico
2018-05-26 03:19:29,775   GET     404      90 ms  /flow/index.html
2018-05-26 03:19:29,840   GET     200       2 ms  /favicon.ico
2018-05-26 03:22:08,838   GET     404      97 ms  /flow/index.html
2018-05-26 03:22:09,066   GET     200       4 ms  /favicon.ico
2018-05-26 10:28:58,559   GET     404     107 ms  /flow/index.html
2018-05-26 10:28:58,781   GET     200       5 ms  /favicon.ico
2018-05-26 10:28:58,785   GET     200       3 ms  /favicon.ico
2018-05-26 10:29:06,195   GET     404       7 ms  /flow/index.html
2018-05-26 10:29:06,256   GET     200       7 ms  /favicon.ico
2018-05-26 10:29:06,266   GET     200       5 ms  /favicon.ico
2018-05-26 10:29:10,557   GET     301       0 ms  /
2018-05-26 10:29:10,570   GET     404       5 ms  /flow/index.html
2018-05-26 10:29:10,615   GET     200       5 ms  /favicon.ico
2018-05-26 10:29:18,064   GET     404       4 ms  /flow/index.html
2018-05-26 10:29:18,121   GET     200       2 ms  /favicon.ico
2018-05-26 10:29:18,193   GET     404       7 ms  /apple-touch-icon-precomposed.png
2018-05-26 10:29:18,248   GET     404       5 ms  /apple-touch-icon.png
